2024-04-23 10:18:48,598 - WARNING - Extracao de dados do Metodo user.getInfo iniciado
2024-04-23 10:18:48,932 - INFO - Nao existe mais de uma pagina nesse metodo
2024-04-23 10:18:48,936 - WARNING - Extraido todos os dados do Metodo user.getInfo
2024-04-23 10:18:48,936 - WARNING - Extracao de dados do Metodo user.gettopartists iniciado
2024-04-23 10:18:49,260 - INFO - Foram encontradas 28 de dados nesse metodo, dados da 1 pagina extraido
2024-04-23 10:18:49,568 - INFO - Dados da 3 pagina extraido
2024-04-23 10:18:49,894 - INFO - Dados da 4 pagina extraido
2024-04-23 10:18:50,222 - INFO - Dados da 5 pagina extraido
2024-04-23 10:18:50,524 - INFO - Dados da 6 pagina extraido
2024-04-23 10:18:50,836 - INFO - Dados da 7 pagina extraido
2024-04-23 10:18:51,243 - INFO - Dados da 8 pagina extraido
2024-04-23 10:18:51,563 - INFO - Dados da 9 pagina extraido
2024-04-23 10:18:52,187 - INFO - Dados da 10 pagina extraido
2024-04-23 10:18:52,861 - INFO - Dados da 11 pagina extraido
2024-04-23 10:18:53,166 - INFO - Dados da 12 pagina extraido
2024-04-23 10:18:53,490 - INFO - Dados da 13 pagina extraido
2024-04-23 10:18:53,796 - INFO - Dados da 14 pagina extraido
2024-04-23 10:18:54,638 - INFO - Dados da 15 pagina extraido
2024-04-23 10:18:54,988 - INFO - Dados da 16 pagina extraido
2024-04-23 10:18:55,281 - INFO - Dados da 17 pagina extraido
2024-04-23 10:18:55,587 - INFO - Dados da 18 pagina extraido
2024-04-23 10:18:55,900 - INFO - Dados da 19 pagina extraido
2024-04-23 10:18:56,208 - INFO - Dados da 20 pagina extraido
2024-04-23 10:18:56,509 - INFO - Dados da 21 pagina extraido
2024-04-23 10:18:56,880 - INFO - Dados da 22 pagina extraido
2024-04-23 10:18:57,184 - INFO - Dados da 23 pagina extraido
2024-04-23 10:18:57,518 - INFO - Dados da 24 pagina extraido
2024-04-23 10:18:58,458 - INFO - Dados da 25 pagina extraido
2024-04-23 10:18:58,780 - INFO - Dados da 26 pagina extraido
2024-04-23 10:18:59,103 - INFO - Dados da 27 pagina extraido
2024-04-23 10:18:59,747 - INFO - Dados da 28 pagina extraido
2024-04-23 10:19:00,098 - INFO - Dados da 29 pagina extraido
2024-04-23 10:19:01,224 - WARNING - Extraido todos os dados do Metodo user.gettopartists
2024-04-23 10:19:01,224 - WARNING - Extracao de dados do Metodo user.getRecentTracks iniciado
2024-04-23 10:19:01,604 - INFO - Foram encontradas 395 de dados nesse metodo, dados da 1 pagina extraido
2024-04-23 10:19:02,138 - INFO - Dados da 3 pagina extraido
2024-04-23 10:19:02,865 - INFO - Dados da 4 pagina extraido
2024-04-23 10:19:03,293 - INFO - Dados da 5 pagina extraido
2024-04-23 10:19:03,678 - INFO - Dados da 6 pagina extraido
2024-04-23 10:19:04,102 - INFO - Dados da 7 pagina extraido
2024-04-23 10:19:04,486 - INFO - Dados da 8 pagina extraido
2024-04-23 10:19:04,901 - INFO - Dados da 9 pagina extraido
2024-04-23 10:19:05,294 - INFO - Dados da 10 pagina extraido
2024-04-23 10:19:05,739 - INFO - Dados da 11 pagina extraido
2024-04-23 10:19:06,180 - INFO - Dados da 12 pagina extraido
2024-04-23 10:19:06,717 - INFO - Dados da 13 pagina extraido
2024-04-23 10:19:07,182 - INFO - Dados da 14 pagina extraido
2024-04-23 10:19:07,580 - INFO - Dados da 15 pagina extraido
2024-04-23 10:19:08,036 - INFO - Dados da 16 pagina extraido
2024-04-23 10:19:08,461 - INFO - Dados da 17 pagina extraido
2024-04-23 10:19:08,896 - INFO - Dados da 18 pagina extraido
2024-04-23 10:19:09,262 - INFO - Dados da 19 pagina extraido
2024-04-23 10:19:09,909 - INFO - Dados da 20 pagina extraido
2024-04-23 10:19:10,234 - INFO - Dados da 21 pagina extraido
2024-04-23 10:19:10,765 - INFO - Dados da 22 pagina extraido
2024-04-23 10:19:11,240 - INFO - Dados da 23 pagina extraido
2024-04-23 10:19:11,636 - INFO - Dados da 24 pagina extraido
2024-04-23 10:19:12,224 - INFO - Dados da 25 pagina extraido
2024-04-23 10:19:12,622 - INFO - Dados da 26 pagina extraido
2024-04-23 10:19:13,574 - INFO - Dados da 27 pagina extraido
2024-04-23 10:19:13,961 - INFO - Dados da 28 pagina extraido
2024-04-23 10:19:14,349 - INFO - Dados da 29 pagina extraido
2024-04-23 10:19:14,808 - INFO - Dados da 30 pagina extraido
2024-04-23 10:19:15,322 - INFO - Dados da 31 pagina extraido
2024-04-23 10:19:16,089 - INFO - Dados da 32 pagina extraido
2024-04-23 10:19:17,167 - INFO - Dados da 33 pagina extraido
2024-04-23 10:19:17,882 - INFO - Dados da 34 pagina extraido
2024-04-23 10:19:18,547 - INFO - Dados da 35 pagina extraido
2024-04-23 10:19:19,009 - INFO - Dados da 36 pagina extraido
2024-04-23 10:19:19,694 - INFO - Dados da 37 pagina extraido
2024-04-23 10:19:20,509 - INFO - Dados da 38 pagina extraido
2024-04-23 10:19:20,919 - INFO - Dados da 39 pagina extraido
2024-04-23 10:19:21,367 - INFO - Dados da 40 pagina extraido
2024-04-23 10:19:21,763 - INFO - Dados da 41 pagina extraido
2024-04-23 10:19:22,205 - INFO - Dados da 42 pagina extraido
2024-04-23 10:19:23,000 - INFO - Dados da 43 pagina extraido
2024-04-23 10:19:23,459 - INFO - Dados da 44 pagina extraido
2024-04-23 10:19:24,119 - INFO - Dados da 45 pagina extraido
2024-04-23 10:19:25,053 - INFO - Dados da 46 pagina extraido
2024-04-23 10:19:26,527 - INFO - Dados da 47 pagina extraido
2024-04-23 10:19:27,354 - INFO - Dados da 48 pagina extraido
2024-04-23 10:19:27,945 - INFO - Dados da 49 pagina extraido
2024-04-23 10:19:28,349 - INFO - Dados da 50 pagina extraido
2024-04-23 10:19:28,838 - INFO - Dados da 51 pagina extraido
2024-04-23 10:19:29,438 - INFO - Dados da 52 pagina extraido
2024-04-23 10:19:30,148 - INFO - Dados da 53 pagina extraido
2024-04-23 10:19:30,578 - INFO - Dados da 54 pagina extraido
2024-04-23 10:19:30,982 - INFO - Dados da 55 pagina extraido
2024-04-23 10:19:31,667 - INFO - Dados da 56 pagina extraido
2024-04-23 10:19:32,155 - INFO - Dados da 57 pagina extraido
2024-04-23 10:19:33,061 - INFO - Dados da 58 pagina extraido
2024-04-23 10:19:33,698 - INFO - Dados da 59 pagina extraido
2024-04-23 10:19:34,164 - INFO - Dados da 60 pagina extraido
2024-04-23 10:19:34,608 - INFO - Dados da 61 pagina extraido
2024-04-23 10:19:35,596 - INFO - Dados da 62 pagina extraido
2024-04-23 10:19:36,362 - INFO - Dados da 63 pagina extraido
2024-04-23 10:19:36,956 - INFO - Dados da 64 pagina extraido
2024-04-23 10:19:38,171 - INFO - Dados da 65 pagina extraido
2024-04-23 10:19:38,600 - INFO - Dados da 66 pagina extraido
2024-04-23 10:19:39,255 - INFO - Dados da 67 pagina extraido
2024-04-23 10:19:39,903 - INFO - Dados da 68 pagina extraido
2024-04-23 10:19:40,308 - INFO - Dados da 69 pagina extraido
2024-04-23 10:19:41,392 - INFO - Dados da 70 pagina extraido
2024-04-23 10:19:41,781 - INFO - Dados da 71 pagina extraido
2024-04-23 10:19:42,767 - INFO - Dados da 72 pagina extraido
2024-04-23 10:19:43,217 - INFO - Dados da 73 pagina extraido
2024-04-23 10:19:43,687 - INFO - Dados da 74 pagina extraido
2024-04-23 10:19:44,217 - INFO - Dados da 75 pagina extraido
2024-04-23 10:19:44,637 - INFO - Dados da 76 pagina extraido
2024-04-23 10:19:45,227 - INFO - Dados da 77 pagina extraido
2024-04-23 10:19:45,676 - INFO - Dados da 78 pagina extraido
2024-04-23 10:19:46,177 - INFO - Dados da 79 pagina extraido
2024-04-23 10:19:46,582 - INFO - Dados da 80 pagina extraido
2024-04-23 10:19:46,966 - INFO - Dados da 81 pagina extraido
2024-04-23 10:19:47,587 - INFO - Dados da 82 pagina extraido
2024-04-23 10:19:48,113 - INFO - Dados da 83 pagina extraido
2024-04-23 10:19:48,807 - INFO - Dados da 84 pagina extraido
2024-04-23 10:19:49,181 - INFO - Dados da 85 pagina extraido
2024-04-23 10:19:49,938 - INFO - Dados da 86 pagina extraido
2024-04-23 10:19:50,408 - INFO - Dados da 87 pagina extraido
2024-04-23 10:19:50,791 - INFO - Dados da 88 pagina extraido
2024-04-23 10:19:51,283 - INFO - Dados da 89 pagina extraido
2024-04-23 10:19:51,790 - INFO - Dados da 90 pagina extraido
2024-04-23 10:19:52,189 - INFO - Dados da 91 pagina extraido
2024-04-23 10:19:52,707 - INFO - Dados da 92 pagina extraido
2024-04-23 10:19:53,090 - INFO - Dados da 93 pagina extraido
2024-04-23 10:19:53,490 - INFO - Dados da 94 pagina extraido
2024-04-23 10:19:53,937 - INFO - Dados da 95 pagina extraido
2024-04-23 10:19:54,278 - INFO - Dados da 96 pagina extraido
2024-04-23 10:19:55,259 - INFO - Dados da 97 pagina extraido
2024-04-23 10:19:55,642 - INFO - Dados da 98 pagina extraido
2024-04-23 10:19:56,190 - INFO - Dados da 99 pagina extraido
2024-04-23 10:19:56,672 - INFO - Dados da 100 pagina extraido
2024-04-23 10:19:57,152 - INFO - Dados da 101 pagina extraido
2024-04-23 10:19:57,648 - INFO - Dados da 102 pagina extraido
2024-04-23 10:19:58,304 - INFO - Dados da 103 pagina extraido
2024-04-23 10:19:58,697 - INFO - Dados da 104 pagina extraido
2024-04-23 10:19:59,084 - INFO - Dados da 105 pagina extraido
2024-04-23 10:19:59,533 - INFO - Dados da 106 pagina extraido
2024-04-23 10:19:59,987 - INFO - Dados da 107 pagina extraido
2024-04-23 10:20:00,397 - INFO - Dados da 108 pagina extraido
2024-04-23 10:20:00,863 - INFO - Dados da 109 pagina extraido
2024-04-23 10:20:01,386 - INFO - Dados da 110 pagina extraido
2024-04-23 10:20:01,887 - INFO - Dados da 111 pagina extraido
2024-04-23 10:20:02,368 - INFO - Dados da 112 pagina extraido
2024-04-23 10:20:02,806 - INFO - Dados da 113 pagina extraido
2024-04-23 10:20:03,217 - INFO - Dados da 114 pagina extraido
2024-04-23 10:20:03,771 - INFO - Dados da 115 pagina extraido
2024-04-23 10:20:04,217 - INFO - Dados da 116 pagina extraido
2024-04-23 10:20:04,635 - INFO - Dados da 117 pagina extraido
2024-04-23 10:20:05,189 - INFO - Dados da 118 pagina extraido
2024-04-23 10:20:05,723 - INFO - Dados da 119 pagina extraido
2024-04-23 10:20:06,126 - INFO - Dados da 120 pagina extraido
2024-04-23 10:20:06,596 - INFO - Dados da 121 pagina extraido
2024-04-23 10:20:07,076 - INFO - Dados da 122 pagina extraido
2024-04-23 10:20:07,651 - INFO - Dados da 123 pagina extraido
2024-04-23 10:20:08,249 - INFO - Dados da 124 pagina extraido
2024-04-23 10:20:08,646 - INFO - Dados da 125 pagina extraido
2024-04-23 10:20:09,042 - INFO - Dados da 126 pagina extraido
2024-04-23 10:20:10,248 - INFO - Dados da 127 pagina extraido
2024-04-23 10:20:10,667 - INFO - Dados da 128 pagina extraido
2024-04-23 10:20:11,270 - INFO - Dados da 129 pagina extraido
2024-04-23 10:20:12,182 - INFO - Dados da 130 pagina extraido
2024-04-23 10:20:12,892 - INFO - Dados da 131 pagina extraido
2024-04-23 10:20:13,915 - INFO - Dados da 132 pagina extraido
2024-04-23 10:20:14,428 - INFO - Dados da 133 pagina extraido
2024-04-23 10:20:14,808 - INFO - Dados da 134 pagina extraido
2024-04-23 10:20:15,302 - INFO - Dados da 135 pagina extraido
2024-04-23 10:20:15,804 - INFO - Dados da 136 pagina extraido
2024-04-23 10:20:16,191 - INFO - Dados da 137 pagina extraido
2024-04-23 10:20:16,795 - INFO - Dados da 138 pagina extraido
2024-04-23 10:20:17,318 - INFO - Dados da 139 pagina extraido
2024-04-23 10:20:17,971 - INFO - Dados da 140 pagina extraido
2024-04-23 10:20:18,457 - INFO - Dados da 141 pagina extraido
2024-04-23 10:20:18,874 - INFO - Dados da 142 pagina extraido
2024-04-23 10:20:19,454 - INFO - Dados da 143 pagina extraido
2024-04-23 10:20:19,889 - INFO - Dados da 144 pagina extraido
2024-04-23 10:20:20,316 - INFO - Dados da 145 pagina extraido
2024-04-23 10:20:20,917 - INFO - Dados da 146 pagina extraido
2024-04-23 10:20:21,539 - INFO - Dados da 147 pagina extraido
2024-04-23 10:20:22,041 - INFO - Dados da 148 pagina extraido
2024-04-23 10:20:22,498 - INFO - Dados da 149 pagina extraido
2024-04-23 10:20:22,944 - INFO - Dados da 150 pagina extraido
2024-04-23 10:20:23,420 - INFO - Dados da 151 pagina extraido
2024-04-23 10:20:23,997 - INFO - Dados da 152 pagina extraido
2024-04-23 10:20:25,791 - INFO - Dados da 153 pagina extraido
2024-04-23 10:20:26,283 - INFO - Dados da 154 pagina extraido
2024-04-23 10:20:26,655 - INFO - Dados da 155 pagina extraido
2024-04-23 10:20:27,189 - INFO - Dados da 156 pagina extraido
2024-04-23 10:20:27,661 - INFO - Dados da 157 pagina extraido
2024-04-23 10:20:28,601 - INFO - Dados da 158 pagina extraido
2024-04-23 10:20:29,080 - INFO - Dados da 159 pagina extraido
2024-04-23 10:20:29,620 - INFO - Dados da 160 pagina extraido
2024-04-23 10:20:30,058 - INFO - Dados da 161 pagina extraido
2024-04-23 10:20:30,610 - INFO - Dados da 162 pagina extraido
2024-04-23 10:20:31,233 - INFO - Dados da 163 pagina extraido
2024-04-23 10:20:31,713 - INFO - Dados da 164 pagina extraido
2024-04-23 10:20:32,139 - INFO - Dados da 165 pagina extraido
2024-04-23 10:20:32,597 - INFO - Dados da 166 pagina extraido
2024-04-23 10:20:33,015 - INFO - Dados da 167 pagina extraido
2024-04-23 10:20:33,606 - INFO - Dados da 168 pagina extraido
2024-04-23 10:20:34,163 - INFO - Dados da 169 pagina extraido
2024-04-23 10:20:34,564 - INFO - Dados da 170 pagina extraido
2024-04-23 10:20:35,024 - INFO - Dados da 171 pagina extraido
2024-04-23 10:20:35,491 - INFO - Dados da 172 pagina extraido
2024-04-23 10:20:36,525 - INFO - Dados da 173 pagina extraido
2024-04-23 10:20:37,092 - INFO - Dados da 174 pagina extraido
2024-04-23 10:20:37,673 - INFO - Dados da 175 pagina extraido
2024-04-23 10:20:38,093 - INFO - Dados da 176 pagina extraido
2024-04-23 10:20:38,484 - INFO - Dados da 177 pagina extraido
2024-04-23 10:20:38,862 - INFO - Dados da 178 pagina extraido
2024-04-23 10:20:39,237 - INFO - Dados da 179 pagina extraido
2024-04-23 10:20:39,701 - INFO - Dados da 180 pagina extraido
2024-04-23 10:20:40,089 - INFO - Dados da 181 pagina extraido
2024-04-23 10:20:40,583 - INFO - Dados da 182 pagina extraido
2024-04-23 10:20:40,958 - INFO - Dados da 183 pagina extraido
2024-04-23 10:20:41,626 - INFO - Dados da 184 pagina extraido
2024-04-23 10:20:42,017 - INFO - Dados da 185 pagina extraido
2024-04-23 10:20:42,491 - INFO - Dados da 186 pagina extraido
2024-04-23 10:20:43,093 - INFO - Dados da 187 pagina extraido
2024-04-23 10:20:43,703 - INFO - Dados da 188 pagina extraido
2024-04-23 10:20:44,244 - INFO - Dados da 189 pagina extraido
2024-04-23 10:20:44,905 - INFO - Dados da 190 pagina extraido
2024-04-23 10:20:45,313 - INFO - Dados da 191 pagina extraido
2024-04-23 10:20:46,507 - INFO - Dados da 192 pagina extraido
2024-04-23 10:20:46,944 - INFO - Dados da 193 pagina extraido
2024-04-23 10:20:47,342 - INFO - Dados da 194 pagina extraido
2024-04-23 10:20:47,706 - INFO - Dados da 195 pagina extraido
2024-04-23 10:20:48,219 - INFO - Dados da 196 pagina extraido
2024-04-23 10:20:48,677 - INFO - Dados da 197 pagina extraido
2024-04-23 10:20:49,459 - INFO - Dados da 198 pagina extraido
2024-04-23 10:20:49,876 - INFO - Dados da 199 pagina extraido
2024-04-23 10:20:50,246 - INFO - Dados da 200 pagina extraido
2024-04-23 10:20:50,995 - INFO - Dados da 201 pagina extraido
2024-04-23 10:20:51,881 - INFO - Dados da 202 pagina extraido
2024-04-23 10:20:52,236 - INFO - Dados da 203 pagina extraido
2024-04-23 10:20:52,735 - INFO - Dados da 204 pagina extraido
2024-04-23 10:20:53,495 - INFO - Dados da 205 pagina extraido
2024-04-23 10:20:53,983 - INFO - Dados da 206 pagina extraido
2024-04-23 10:20:54,443 - INFO - Dados da 207 pagina extraido
2024-04-23 10:20:54,920 - INFO - Dados da 208 pagina extraido
2024-04-23 10:20:55,376 - INFO - Dados da 209 pagina extraido
2024-04-23 10:20:55,735 - INFO - Dados da 210 pagina extraido
2024-04-23 10:20:56,206 - INFO - Dados da 211 pagina extraido
2024-04-23 10:20:56,619 - INFO - Dados da 212 pagina extraido
2024-04-23 10:20:57,280 - INFO - Dados da 213 pagina extraido
2024-04-23 10:20:57,685 - INFO - Dados da 214 pagina extraido
2024-04-23 10:20:58,396 - INFO - Dados da 215 pagina extraido
2024-04-23 10:20:58,863 - INFO - Dados da 216 pagina extraido
2024-04-23 10:20:59,312 - INFO - Dados da 217 pagina extraido
2024-04-23 10:20:59,999 - INFO - Dados da 218 pagina extraido
2024-04-23 10:21:00,467 - INFO - Dados da 219 pagina extraido
2024-04-23 10:21:01,109 - INFO - Dados da 220 pagina extraido
2024-04-23 10:21:01,974 - INFO - Dados da 221 pagina extraido
2024-04-23 10:21:02,396 - INFO - Dados da 222 pagina extraido
2024-04-23 10:21:02,995 - INFO - Dados da 223 pagina extraido
2024-04-23 10:21:03,426 - INFO - Dados da 224 pagina extraido
2024-04-23 10:21:03,847 - INFO - Dados da 225 pagina extraido
2024-04-23 10:21:04,429 - INFO - Dados da 226 pagina extraido
2024-04-23 10:21:04,875 - INFO - Dados da 227 pagina extraido
2024-04-23 10:21:05,364 - INFO - Dados da 228 pagina extraido
2024-04-23 10:21:05,869 - INFO - Dados da 229 pagina extraido
2024-04-23 10:21:06,359 - INFO - Dados da 230 pagina extraido
2024-04-23 10:21:06,749 - INFO - Dados da 231 pagina extraido
2024-04-23 10:21:07,274 - INFO - Dados da 232 pagina extraido
2024-04-23 10:21:08,009 - INFO - Dados da 233 pagina extraido
2024-04-23 10:21:08,464 - INFO - Dados da 234 pagina extraido
2024-04-23 10:21:08,886 - INFO - Dados da 235 pagina extraido
2024-04-23 10:21:09,275 - INFO - Dados da 236 pagina extraido
2024-04-23 10:21:09,690 - INFO - Dados da 237 pagina extraido
2024-04-23 10:21:10,080 - INFO - Dados da 238 pagina extraido
2024-04-23 10:21:10,522 - INFO - Dados da 239 pagina extraido
2024-04-23 10:21:11,055 - INFO - Dados da 240 pagina extraido
2024-04-23 10:21:11,526 - INFO - Dados da 241 pagina extraido
2024-04-23 10:21:12,047 - INFO - Dados da 242 pagina extraido
2024-04-23 10:21:12,433 - INFO - Dados da 243 pagina extraido
2024-04-23 10:21:12,928 - INFO - Dados da 244 pagina extraido
2024-04-23 10:21:13,461 - INFO - Dados da 245 pagina extraido
2024-04-23 10:21:13,843 - INFO - Dados da 246 pagina extraido
2024-04-23 10:21:14,257 - INFO - Dados da 247 pagina extraido
2024-04-23 10:21:14,905 - INFO - Dados da 248 pagina extraido
2024-04-23 10:21:15,319 - INFO - Dados da 249 pagina extraido
2024-04-23 10:21:15,766 - INFO - Dados da 250 pagina extraido
2024-04-23 10:21:16,277 - INFO - Dados da 251 pagina extraido
2024-04-23 10:21:16,703 - INFO - Dados da 252 pagina extraido
2024-04-23 10:21:17,207 - INFO - Dados da 253 pagina extraido
2024-04-23 10:21:17,671 - INFO - Dados da 254 pagina extraido
2024-04-23 10:21:18,143 - INFO - Dados da 255 pagina extraido
2024-04-23 10:21:18,750 - INFO - Dados da 256 pagina extraido
2024-04-23 10:21:19,706 - INFO - Dados da 257 pagina extraido
2024-04-23 10:21:20,589 - INFO - Dados da 258 pagina extraido
2024-04-23 10:21:21,154 - INFO - Dados da 259 pagina extraido
2024-04-23 10:21:21,693 - INFO - Dados da 260 pagina extraido
2024-04-23 10:21:22,095 - INFO - Dados da 261 pagina extraido
2024-04-23 10:21:22,566 - INFO - Dados da 262 pagina extraido
2024-04-23 10:21:23,172 - INFO - Dados da 263 pagina extraido
2024-04-23 10:21:23,634 - INFO - Dados da 264 pagina extraido
2024-04-23 10:21:24,106 - INFO - Dados da 265 pagina extraido
2024-04-23 10:21:24,960 - INFO - Dados da 266 pagina extraido
2024-04-23 10:21:25,406 - INFO - Dados da 267 pagina extraido
2024-04-23 10:21:25,811 - INFO - Dados da 268 pagina extraido
2024-04-23 10:21:26,524 - INFO - Dados da 269 pagina extraido
2024-04-23 10:21:27,625 - INFO - Dados da 270 pagina extraido
2024-04-23 10:21:28,064 - INFO - Dados da 271 pagina extraido
2024-04-23 10:21:28,994 - INFO - Dados da 272 pagina extraido
2024-04-23 10:21:29,671 - INFO - Dados da 273 pagina extraido
2024-04-23 10:21:30,246 - INFO - Dados da 274 pagina extraido
2024-04-23 10:21:30,806 - INFO - Dados da 275 pagina extraido
2024-04-23 10:21:31,289 - INFO - Dados da 276 pagina extraido
2024-04-23 10:21:32,591 - INFO - Dados da 277 pagina extraido
2024-04-23 10:21:33,011 - INFO - Dados da 278 pagina extraido
2024-04-23 10:21:33,517 - INFO - Dados da 279 pagina extraido
2024-04-23 10:21:33,982 - INFO - Dados da 280 pagina extraido
2024-04-23 10:21:35,277 - INFO - Dados da 281 pagina extraido
2024-04-23 10:21:36,496 - INFO - Dados da 282 pagina extraido
2024-04-23 10:21:36,927 - INFO - Dados da 283 pagina extraido
2024-04-23 10:21:37,479 - INFO - Dados da 284 pagina extraido
2024-04-23 10:21:37,894 - INFO - Dados da 285 pagina extraido
2024-04-23 10:21:38,458 - INFO - Dados da 286 pagina extraido
2024-04-23 10:21:38,848 - INFO - Dados da 287 pagina extraido
2024-04-23 10:21:39,276 - INFO - Dados da 288 pagina extraido
2024-04-23 10:21:39,684 - INFO - Dados da 289 pagina extraido
2024-04-23 10:21:40,898 - INFO - Dados da 290 pagina extraido
2024-04-23 10:21:41,333 - INFO - Dados da 291 pagina extraido
2024-04-23 10:21:41,793 - INFO - Dados da 292 pagina extraido
2024-04-23 10:21:42,592 - INFO - Dados da 293 pagina extraido
2024-04-23 10:21:43,073 - INFO - Dados da 294 pagina extraido
2024-04-23 10:21:43,477 - INFO - Dados da 295 pagina extraido
2024-04-23 10:21:43,877 - INFO - Dados da 296 pagina extraido
2024-04-23 10:21:44,247 - INFO - Dados da 297 pagina extraido
2024-04-23 10:21:44,830 - INFO - Dados da 298 pagina extraido
2024-04-23 10:21:45,445 - INFO - Dados da 299 pagina extraido
2024-04-23 10:21:45,886 - INFO - Dados da 300 pagina extraido
2024-04-23 10:21:46,638 - INFO - Dados da 301 pagina extraido
2024-04-23 10:21:47,042 - INFO - Dados da 302 pagina extraido
2024-04-23 10:21:47,590 - INFO - Dados da 303 pagina extraido
2024-04-23 10:21:48,100 - INFO - Dados da 304 pagina extraido
2024-04-23 10:21:48,758 - INFO - Dados da 305 pagina extraido
2024-04-23 10:21:49,170 - INFO - Dados da 306 pagina extraido
2024-04-23 10:21:49,725 - INFO - Dados da 307 pagina extraido
2024-04-23 10:21:50,244 - INFO - Dados da 308 pagina extraido
2024-04-23 10:21:50,728 - INFO - Dados da 309 pagina extraido
2024-04-23 10:21:51,164 - INFO - Dados da 310 pagina extraido
2024-04-23 10:21:52,546 - INFO - Dados da 311 pagina extraido
2024-04-23 10:21:53,028 - INFO - Dados da 312 pagina extraido
2024-04-23 10:21:53,452 - INFO - Dados da 313 pagina extraido
2024-04-23 10:21:53,896 - INFO - Dados da 314 pagina extraido
2024-04-23 10:21:54,441 - INFO - Dados da 315 pagina extraido
2024-04-23 10:21:54,846 - INFO - Dados da 316 pagina extraido
2024-04-23 10:21:55,342 - INFO - Dados da 317 pagina extraido
2024-04-23 10:21:55,986 - INFO - Dados da 318 pagina extraido
2024-04-23 10:21:56,407 - INFO - Dados da 319 pagina extraido
2024-04-23 10:21:56,863 - INFO - Dados da 320 pagina extraido
2024-04-23 10:21:57,685 - INFO - Dados da 321 pagina extraido
2024-04-23 10:21:58,078 - INFO - Dados da 322 pagina extraido
2024-04-23 10:21:58,480 - INFO - Dados da 323 pagina extraido
2024-04-23 10:21:58,875 - INFO - Dados da 324 pagina extraido
2024-04-23 10:21:59,516 - INFO - Dados da 325 pagina extraido
2024-04-23 10:21:59,996 - INFO - Dados da 326 pagina extraido
2024-04-23 10:22:00,507 - INFO - Dados da 327 pagina extraido
2024-04-23 10:22:00,868 - INFO - Dados da 328 pagina extraido
2024-04-23 10:22:01,247 - INFO - Dados da 329 pagina extraido
2024-04-23 10:22:01,669 - INFO - Dados da 330 pagina extraido
2024-04-23 10:22:02,114 - INFO - Dados da 331 pagina extraido
2024-04-23 10:22:02,590 - INFO - Dados da 332 pagina extraido
2024-04-23 10:22:03,367 - INFO - Dados da 333 pagina extraido
2024-04-23 10:22:04,282 - INFO - Dados da 334 pagina extraido
2024-04-23 10:22:04,721 - INFO - Dados da 335 pagina extraido
2024-04-23 10:22:05,109 - INFO - Dados da 336 pagina extraido
2024-04-23 10:22:05,524 - INFO - Dados da 337 pagina extraido
2024-04-23 10:22:05,968 - INFO - Dados da 338 pagina extraido
2024-04-23 10:22:06,586 - INFO - Dados da 339 pagina extraido
2024-04-23 10:22:07,077 - INFO - Dados da 340 pagina extraido
2024-04-23 10:22:07,473 - INFO - Dados da 341 pagina extraido
2024-04-23 10:22:07,889 - INFO - Dados da 342 pagina extraido
2024-04-23 10:22:08,306 - INFO - Dados da 343 pagina extraido
2024-04-23 10:22:08,758 - INFO - Dados da 344 pagina extraido
2024-04-23 10:22:09,341 - INFO - Dados da 345 pagina extraido
2024-04-23 10:22:09,762 - INFO - Dados da 346 pagina extraido
2024-04-23 10:22:10,165 - INFO - Dados da 347 pagina extraido
2024-04-23 10:22:10,750 - INFO - Dados da 348 pagina extraido
2024-04-23 10:22:11,327 - INFO - Dados da 349 pagina extraido
2024-04-23 10:22:11,917 - INFO - Dados da 350 pagina extraido
2024-04-23 10:22:12,333 - INFO - Dados da 351 pagina extraido
2024-04-23 10:22:12,785 - INFO - Dados da 352 pagina extraido
2024-04-23 10:22:13,162 - INFO - Dados da 353 pagina extraido
2024-04-23 10:22:13,675 - INFO - Dados da 354 pagina extraido
2024-04-23 10:22:14,097 - INFO - Dados da 355 pagina extraido
2024-04-23 10:22:14,528 - INFO - Dados da 356 pagina extraido
2024-04-23 10:22:14,900 - INFO - Dados da 357 pagina extraido
2024-04-23 10:22:15,279 - INFO - Dados da 358 pagina extraido
2024-04-23 10:22:15,667 - INFO - Dados da 359 pagina extraido
2024-04-23 10:22:16,714 - INFO - Dados da 360 pagina extraido
2024-04-23 10:22:17,290 - INFO - Dados da 361 pagina extraido
2024-04-23 10:22:17,858 - INFO - Dados da 362 pagina extraido
2024-04-23 10:22:18,338 - INFO - Dados da 363 pagina extraido
2024-04-23 10:22:18,727 - INFO - Dados da 364 pagina extraido
2024-04-23 10:22:19,190 - INFO - Dados da 365 pagina extraido
2024-04-23 10:22:21,299 - INFO - Dados da 366 pagina extraido
2024-04-23 10:22:21,855 - INFO - Dados da 367 pagina extraido
2024-04-23 10:22:22,336 - INFO - Dados da 368 pagina extraido
2024-04-23 10:22:22,916 - INFO - Dados da 369 pagina extraido
2024-04-23 10:22:23,570 - INFO - Dados da 370 pagina extraido
2024-04-23 10:22:23,965 - INFO - Dados da 371 pagina extraido
2024-04-23 10:22:24,336 - INFO - Dados da 372 pagina extraido
2024-04-23 10:22:24,692 - INFO - Dados da 373 pagina extraido
2024-04-23 10:22:25,129 - INFO - Dados da 374 pagina extraido
2024-04-23 10:22:25,726 - INFO - Dados da 375 pagina extraido
2024-04-23 10:22:26,268 - INFO - Dados da 376 pagina extraido
2024-04-23 10:22:26,641 - INFO - Dados da 377 pagina extraido
2024-04-23 10:22:27,085 - INFO - Dados da 378 pagina extraido
2024-04-23 10:22:27,587 - INFO - Dados da 379 pagina extraido
2024-04-23 10:22:28,056 - INFO - Dados da 380 pagina extraido
2024-04-23 10:22:28,490 - INFO - Dados da 381 pagina extraido
2024-04-23 10:22:28,849 - INFO - Dados da 382 pagina extraido
2024-04-23 10:22:29,301 - INFO - Dados da 383 pagina extraido
2024-04-23 10:22:29,689 - INFO - Dados da 384 pagina extraido
2024-04-23 10:22:30,175 - INFO - Dados da 385 pagina extraido
2024-04-23 10:22:30,737 - INFO - Dados da 386 pagina extraido
2024-04-23 10:22:31,102 - INFO - Dados da 387 pagina extraido
2024-04-23 10:22:31,958 - INFO - Dados da 388 pagina extraido
2024-04-23 10:22:32,540 - INFO - Dados da 389 pagina extraido
2024-04-23 10:22:32,946 - INFO - Dados da 390 pagina extraido
2024-04-23 10:22:33,405 - INFO - Dados da 391 pagina extraido
2024-04-23 10:22:34,043 - INFO - Dados da 392 pagina extraido
2024-04-23 10:22:34,443 - INFO - Dados da 393 pagina extraido
2024-04-23 10:22:35,113 - INFO - Dados da 394 pagina extraido
2024-04-23 10:22:35,546 - INFO - Dados da 395 pagina extraido
2024-04-23 10:22:36,029 - INFO - Dados da 396 pagina extraido
2024-04-23 10:23:03,280 - WARNING - Extraido todos os dados do Metodo user.getRecentTracks
2024-04-23 10:23:03,280 - WARNING - Extracao de dados do Metodo user.getTopTracks iniciado
2024-04-23 10:23:03,863 - INFO - Foram encontradas 61 de dados nesse metodo, dados da 1 pagina extraido
2024-04-23 10:23:04,398 - INFO - Dados da 3 pagina extraido
2024-04-23 10:23:04,781 - INFO - Dados da 4 pagina extraido
2024-04-23 10:23:05,184 - INFO - Dados da 5 pagina extraido
2024-04-23 10:23:05,543 - INFO - Dados da 6 pagina extraido
2024-04-23 10:23:05,979 - INFO - Dados da 7 pagina extraido
2024-04-23 10:23:06,736 - INFO - Dados da 8 pagina extraido
2024-04-23 10:23:07,191 - INFO - Dados da 9 pagina extraido
2024-04-23 10:23:08,378 - INFO - Dados da 10 pagina extraido
2024-04-23 10:23:09,124 - INFO - Dados da 11 pagina extraido
2024-04-23 10:23:09,563 - INFO - Dados da 12 pagina extraido
2024-04-23 10:23:09,978 - INFO - Dados da 13 pagina extraido
2024-04-23 10:23:10,609 - INFO - Dados da 14 pagina extraido
2024-04-23 10:23:11,362 - INFO - Dados da 15 pagina extraido
2024-04-23 10:23:11,796 - INFO - Dados da 16 pagina extraido
2024-04-23 10:23:12,383 - INFO - Dados da 17 pagina extraido
2024-04-23 10:23:12,816 - INFO - Dados da 18 pagina extraido
2024-04-23 10:23:13,402 - INFO - Dados da 19 pagina extraido
2024-04-23 10:23:13,884 - INFO - Dados da 20 pagina extraido
2024-04-23 10:23:14,306 - INFO - Dados da 21 pagina extraido
2024-04-23 10:23:14,697 - INFO - Dados da 22 pagina extraido
2024-04-23 10:23:15,523 - INFO - Dados da 23 pagina extraido
2024-04-23 10:23:16,029 - INFO - Dados da 24 pagina extraido
2024-04-23 10:23:16,393 - INFO - Dados da 25 pagina extraido
2024-04-23 10:23:16,931 - INFO - Dados da 26 pagina extraido
2024-04-23 10:23:17,331 - INFO - Dados da 27 pagina extraido
2024-04-23 10:23:17,822 - INFO - Dados da 28 pagina extraido
2024-04-23 10:23:18,198 - INFO - Dados da 29 pagina extraido
2024-04-23 10:23:18,650 - INFO - Dados da 30 pagina extraido
2024-04-23 10:23:19,165 - INFO - Dados da 31 pagina extraido
2024-04-23 10:23:19,959 - INFO - Dados da 32 pagina extraido
2024-04-23 10:23:20,590 - INFO - Dados da 33 pagina extraido
2024-04-23 10:23:21,083 - INFO - Dados da 34 pagina extraido
2024-04-23 10:23:21,739 - INFO - Dados da 35 pagina extraido
2024-04-23 10:23:22,162 - INFO - Dados da 36 pagina extraido
2024-04-23 10:23:22,644 - INFO - Dados da 37 pagina extraido
2024-04-23 10:23:22,996 - INFO - Dados da 38 pagina extraido
2024-04-23 10:23:23,470 - INFO - Dados da 39 pagina extraido
2024-04-23 10:23:23,879 - INFO - Dados da 40 pagina extraido
2024-04-23 10:23:25,286 - INFO - Dados da 41 pagina extraido
2024-04-23 10:23:25,755 - INFO - Dados da 42 pagina extraido
2024-04-23 10:23:26,110 - INFO - Dados da 43 pagina extraido
2024-04-23 10:23:26,519 - INFO - Dados da 44 pagina extraido
2024-04-23 10:23:26,923 - INFO - Dados da 45 pagina extraido
2024-04-23 10:23:27,289 - INFO - Dados da 46 pagina extraido
2024-04-23 10:23:27,744 - INFO - Dados da 47 pagina extraido
2024-04-23 10:23:28,163 - INFO - Dados da 48 pagina extraido
2024-04-23 10:23:28,665 - INFO - Dados da 49 pagina extraido
2024-04-23 10:23:29,387 - INFO - Dados da 50 pagina extraido
2024-04-23 10:23:29,869 - INFO - Dados da 51 pagina extraido
2024-04-23 10:23:30,309 - INFO - Dados da 52 pagina extraido
2024-04-23 10:23:30,735 - INFO - Dados da 53 pagina extraido
2024-04-23 10:23:31,135 - INFO - Dados da 54 pagina extraido
2024-04-23 10:23:31,557 - INFO - Dados da 55 pagina extraido
2024-04-23 10:23:31,945 - INFO - Dados da 56 pagina extraido
2024-04-23 10:23:32,369 - INFO - Dados da 57 pagina extraido
2024-04-23 10:23:32,859 - INFO - Dados da 58 pagina extraido
2024-04-23 10:23:33,288 - INFO - Dados da 59 pagina extraido
2024-04-23 10:23:33,976 - INFO - Dados da 60 pagina extraido
2024-04-23 10:23:34,394 - INFO - Dados da 61 pagina extraido
2024-04-23 10:23:34,807 - INFO - Dados da 62 pagina extraido
2024-04-23 10:24:04,626 - WARNING - Extraido todos os dados do Metodo user.getTopTracks
2024-04-24 17:21:29,998 - WARNING - Extracao de dados do Metodo user.getInfo iniciado
2024-04-24 17:21:30,326 - INFO - Nao existe mais de uma pagina nesse metodo
2024-04-24 17:21:30,330 - WARNING - Extraido todos os dados do Metodo user.getInfo
2024-04-24 17:21:30,330 - WARNING - Extracao de dados do Metodo user.gettopartists iniciado
2024-04-24 17:21:31,208 - INFO - Foram encontradas 28 de dados nesse metodo, dados da 1 pagina extraido
2024-04-24 17:21:31,935 - INFO - Dados da 2 pagina extraido
2024-04-24 17:21:33,647 - INFO - Dados da 3 pagina extraido
2024-04-24 17:21:34,158 - INFO - Dados da 4 pagina extraido
2024-04-24 17:21:34,517 - INFO - Dados da 5 pagina extraido
2024-04-24 17:21:37,293 - INFO - Dados da 6 pagina extraido
2024-04-24 17:21:38,012 - INFO - Dados da 7 pagina extraido
2024-04-24 17:21:38,691 - INFO - Dados da 8 pagina extraido
2024-04-24 17:21:39,046 - INFO - Dados da 9 pagina extraido
2024-04-24 17:21:39,539 - INFO - Dados da 10 pagina extraido
2024-04-24 17:21:40,137 - INFO - Dados da 11 pagina extraido
2024-04-24 17:21:40,488 - INFO - Dados da 12 pagina extraido
2024-04-24 17:21:40,831 - INFO - Dados da 13 pagina extraido
2024-04-24 17:21:41,181 - INFO - Dados da 14 pagina extraido
2024-04-24 17:21:41,793 - INFO - Dados da 15 pagina extraido
2024-04-24 17:21:42,174 - INFO - Dados da 16 pagina extraido
2024-04-24 17:21:42,729 - INFO - Dados da 17 pagina extraido
2024-04-24 17:21:43,306 - INFO - Dados da 18 pagina extraido
2024-04-24 17:21:43,762 - INFO - Dados da 19 pagina extraido
2024-04-24 17:21:44,454 - INFO - Dados da 20 pagina extraido
2024-04-24 17:21:45,380 - INFO - Dados da 21 pagina extraido
2024-04-24 17:21:45,747 - INFO - Dados da 22 pagina extraido
2024-04-24 17:21:46,486 - INFO - Dados da 23 pagina extraido
2024-04-24 17:21:46,826 - INFO - Dados da 24 pagina extraido
2024-04-24 17:21:47,246 - INFO - Dados da 25 pagina extraido
2024-04-24 17:21:47,706 - INFO - Dados da 26 pagina extraido
2024-04-24 17:21:48,411 - INFO - Dados da 27 pagina extraido
2024-04-24 17:21:48,727 - INFO - Dados da 28 pagina extraido
2024-04-24 17:21:49,781 - WARNING - Extraido todos os dados do Metodo user.gettopartists
2024-04-24 17:21:49,782 - WARNING - Extracao de dados do Metodo user.getRecentTracks iniciado
2024-04-24 17:21:50,235 - INFO - Foram encontradas 395 de dados nesse metodo, dados da 1 pagina extraido
2024-04-24 17:21:50,686 - INFO - Dados da 2 pagina extraido
2024-04-24 17:21:51,351 - INFO - Dados da 3 pagina extraido
2024-04-24 17:21:52,185 - INFO - Dados da 4 pagina extraido
2024-04-24 17:21:52,756 - INFO - Dados da 5 pagina extraido
2024-04-24 17:21:53,151 - INFO - Dados da 6 pagina extraido
2024-04-24 17:21:53,731 - INFO - Dados da 7 pagina extraido
2024-04-24 17:21:55,611 - INFO - Dados da 8 pagina extraido
2024-04-24 17:21:56,104 - INFO - Dados da 9 pagina extraido
2024-04-24 17:21:57,158 - INFO - Dados da 10 pagina extraido
2024-04-24 17:21:57,587 - INFO - Dados da 11 pagina extraido
2024-04-24 17:21:57,992 - INFO - Dados da 12 pagina extraido
2024-04-24 17:21:58,505 - INFO - Dados da 13 pagina extraido
2024-04-24 17:21:58,971 - INFO - Dados da 14 pagina extraido
2024-04-24 17:21:59,434 - INFO - Dados da 15 pagina extraido
2024-04-24 17:22:01,268 - INFO - Dados da 16 pagina extraido
2024-04-24 17:22:01,733 - INFO - Dados da 17 pagina extraido
2024-04-24 17:22:02,338 - INFO - Dados da 18 pagina extraido
2024-04-24 17:22:02,981 - INFO - Dados da 19 pagina extraido
2024-04-24 17:22:03,503 - INFO - Dados da 20 pagina extraido
2024-04-24 17:22:04,552 - INFO - Dados da 21 pagina extraido
2024-04-24 17:22:05,490 - INFO - Dados da 22 pagina extraido
2024-04-24 17:22:05,880 - INFO - Dados da 23 pagina extraido
2024-04-24 17:22:06,323 - INFO - Dados da 24 pagina extraido
2024-04-24 17:22:07,320 - INFO - Dados da 25 pagina extraido
2024-04-24 17:22:07,774 - INFO - Dados da 26 pagina extraido
2024-04-24 17:22:08,693 - INFO - Dados da 27 pagina extraido
2024-04-24 17:22:09,164 - INFO - Dados da 28 pagina extraido
2024-04-24 17:22:09,624 - INFO - Dados da 29 pagina extraido
2024-04-24 17:22:10,641 - INFO - Dados da 30 pagina extraido
2024-04-24 17:22:11,298 - INFO - Dados da 31 pagina extraido
2024-04-24 17:22:11,747 - INFO - Dados da 32 pagina extraido
2024-04-24 17:22:12,427 - INFO - Dados da 33 pagina extraido
2024-04-24 17:22:12,915 - INFO - Dados da 34 pagina extraido
2024-04-24 17:22:13,604 - INFO - Dados da 35 pagina extraido
2024-04-24 17:22:14,720 - INFO - Dados da 36 pagina extraido
2024-04-24 17:22:16,185 - INFO - Dados da 37 pagina extraido
2024-04-24 17:22:17,838 - INFO - Dados da 38 pagina extraido
2024-04-24 17:22:18,322 - INFO - Dados da 39 pagina extraido
2024-04-24 17:22:18,938 - INFO - Dados da 40 pagina extraido
2024-04-24 17:22:19,387 - INFO - Dados da 41 pagina extraido
2024-04-24 17:22:20,204 - INFO - Dados da 42 pagina extraido
2024-04-24 17:22:22,328 - INFO - Dados da 43 pagina extraido
2024-04-24 17:22:23,054 - INFO - Dados da 44 pagina extraido
2024-04-24 17:22:23,773 - INFO - Dados da 45 pagina extraido
2024-04-24 17:22:24,534 - INFO - Dados da 46 pagina extraido
2024-04-24 17:22:25,198 - INFO - Dados da 47 pagina extraido
2024-04-24 17:22:25,998 - INFO - Dados da 48 pagina extraido
2024-04-24 17:22:26,516 - INFO - Dados da 49 pagina extraido
2024-04-24 17:22:27,077 - INFO - Dados da 50 pagina extraido
2024-04-24 17:22:27,727 - INFO - Dados da 51 pagina extraido
2024-04-24 17:22:28,242 - INFO - Dados da 52 pagina extraido
2024-04-24 17:22:29,083 - INFO - Dados da 53 pagina extraido
2024-04-24 17:22:29,665 - INFO - Dados da 54 pagina extraido
2024-04-24 17:22:30,162 - INFO - Dados da 55 pagina extraido
2024-04-24 17:22:30,702 - INFO - Dados da 56 pagina extraido
2024-04-24 17:22:31,503 - INFO - Dados da 57 pagina extraido
2024-04-24 17:22:32,016 - INFO - Dados da 58 pagina extraido
2024-04-24 17:22:32,524 - INFO - Dados da 59 pagina extraido
2024-04-24 17:22:33,291 - INFO - Dados da 60 pagina extraido
2024-04-24 17:22:33,814 - INFO - Dados da 61 pagina extraido
2024-04-24 17:22:35,350 - INFO - Dados da 62 pagina extraido
2024-04-24 17:22:36,325 - INFO - Dados da 63 pagina extraido
2024-04-24 17:22:37,768 - INFO - Dados da 64 pagina extraido
2024-04-24 17:22:38,249 - INFO - Dados da 65 pagina extraido
2024-04-24 17:22:39,622 - INFO - Dados da 66 pagina extraido
2024-04-24 17:22:40,512 - INFO - Dados da 67 pagina extraido
2024-04-24 17:22:41,069 - INFO - Dados da 68 pagina extraido
2024-04-24 17:22:42,256 - INFO - Dados da 69 pagina extraido
2024-04-24 17:22:42,707 - INFO - Dados da 70 pagina extraido
2024-04-24 17:22:43,544 - INFO - Dados da 71 pagina extraido
2024-04-24 17:22:44,127 - INFO - Dados da 72 pagina extraido
2024-04-24 17:22:44,637 - INFO - Dados da 73 pagina extraido
2024-04-24 17:22:45,529 - INFO - Dados da 74 pagina extraido
2024-04-24 17:22:47,422 - INFO - Dados da 75 pagina extraido
2024-04-24 17:22:47,964 - INFO - Dados da 76 pagina extraido
2024-04-24 17:22:48,832 - INFO - Dados da 77 pagina extraido
2024-04-24 17:22:49,925 - INFO - Dados da 78 pagina extraido
2024-04-24 17:22:50,586 - INFO - Dados da 79 pagina extraido
2024-04-24 17:22:51,253 - INFO - Dados da 80 pagina extraido
2024-04-24 17:22:52,340 - INFO - Dados da 81 pagina extraido
2024-04-24 17:22:52,845 - INFO - Dados da 82 pagina extraido
2024-04-24 17:22:54,212 - INFO - Dados da 83 pagina extraido
2024-04-24 17:22:55,408 - INFO - Dados da 84 pagina extraido
2024-04-24 17:22:55,961 - INFO - Dados da 85 pagina extraido
2024-04-24 17:22:56,645 - INFO - Dados da 86 pagina extraido
2024-04-24 17:22:57,216 - INFO - Dados da 87 pagina extraido
2024-04-24 17:22:58,206 - INFO - Dados da 88 pagina extraido
2024-04-24 17:22:59,532 - INFO - Dados da 89 pagina extraido
2024-04-24 17:23:00,947 - INFO - Dados da 90 pagina extraido
2024-04-24 17:23:01,425 - INFO - Dados da 91 pagina extraido
2024-04-24 17:23:02,045 - INFO - Dados da 92 pagina extraido
2024-04-24 17:23:03,223 - INFO - Dados da 93 pagina extraido
2024-04-24 17:23:03,767 - INFO - Dados da 94 pagina extraido
2024-04-24 17:23:04,231 - INFO - Dados da 95 pagina extraido
2024-04-24 17:23:04,842 - INFO - Dados da 96 pagina extraido
2024-04-24 17:23:05,249 - INFO - Dados da 97 pagina extraido
2024-04-24 17:23:05,654 - INFO - Dados da 98 pagina extraido
2024-04-24 17:23:06,173 - INFO - Dados da 99 pagina extraido
2024-04-24 17:23:06,681 - INFO - Dados da 100 pagina extraido
2024-04-24 17:23:07,177 - INFO - Dados da 101 pagina extraido
2024-04-24 17:23:07,639 - INFO - Dados da 102 pagina extraido
2024-04-24 17:23:08,160 - INFO - Dados da 103 pagina extraido
2024-04-24 17:23:08,602 - INFO - Dados da 104 pagina extraido
2024-04-24 17:23:09,247 - INFO - Dados da 105 pagina extraido
2024-04-24 17:23:09,940 - INFO - Dados da 106 pagina extraido
2024-04-24 17:23:10,633 - INFO - Dados da 107 pagina extraido
2024-04-24 17:23:11,634 - INFO - Dados da 108 pagina extraido
2024-04-24 17:23:14,872 - INFO - Dados da 109 pagina extraido
2024-04-24 17:23:15,483 - INFO - Dados da 110 pagina extraido
2024-04-24 17:23:16,002 - INFO - Dados da 111 pagina extraido
2024-04-24 17:23:17,369 - INFO - Dados da 112 pagina extraido
2024-04-24 17:23:18,020 - INFO - Dados da 113 pagina extraido
2024-04-24 17:23:18,583 - INFO - Dados da 114 pagina extraido
2024-04-24 17:23:19,773 - INFO - Dados da 115 pagina extraido
2024-04-24 17:23:20,580 - INFO - Dados da 116 pagina extraido
2024-04-24 17:23:21,174 - INFO - Dados da 117 pagina extraido
2024-04-24 17:23:21,832 - INFO - Dados da 118 pagina extraido
2024-04-24 17:23:22,314 - INFO - Dados da 119 pagina extraido
2024-04-24 17:23:23,304 - INFO - Dados da 120 pagina extraido
2024-04-24 17:23:23,727 - INFO - Dados da 121 pagina extraido
2024-04-24 17:23:25,032 - INFO - Dados da 122 pagina extraido
2024-04-24 17:23:25,493 - INFO - Dados da 123 pagina extraido
2024-04-24 17:23:26,130 - INFO - Dados da 124 pagina extraido
2024-04-24 17:23:26,962 - INFO - Dados da 125 pagina extraido
2024-04-24 17:23:27,742 - INFO - Dados da 126 pagina extraido
2024-04-24 17:23:28,120 - INFO - Dados da 127 pagina extraido
2024-04-24 17:23:28,603 - INFO - Dados da 128 pagina extraido
2024-04-24 17:23:29,561 - INFO - Dados da 129 pagina extraido
2024-04-24 17:23:30,129 - INFO - Dados da 130 pagina extraido
2024-04-24 17:23:30,667 - INFO - Dados da 131 pagina extraido
2024-04-24 17:23:31,259 - INFO - Dados da 132 pagina extraido
2024-04-24 17:23:31,697 - INFO - Dados da 133 pagina extraido
2024-04-24 17:23:33,508 - INFO - Dados da 134 pagina extraido
2024-04-24 17:23:33,891 - INFO - Dados da 135 pagina extraido
2024-04-24 17:23:35,130 - INFO - Dados da 136 pagina extraido
2024-04-24 17:23:36,120 - INFO - Dados da 137 pagina extraido
2024-04-24 17:23:37,240 - INFO - Dados da 138 pagina extraido
2024-04-24 17:23:37,953 - INFO - Dados da 139 pagina extraido
2024-04-24 17:23:38,708 - INFO - Dados da 140 pagina extraido
2024-04-24 17:23:39,214 - INFO - Dados da 141 pagina extraido
2024-04-24 17:23:40,475 - INFO - Dados da 142 pagina extraido
2024-04-24 17:23:41,002 - INFO - Dados da 143 pagina extraido
2024-04-24 17:23:41,689 - INFO - Dados da 144 pagina extraido
2024-04-24 17:23:42,468 - INFO - Dados da 145 pagina extraido
2024-04-24 17:23:43,639 - INFO - Dados da 146 pagina extraido
2024-04-24 17:23:44,084 - INFO - Dados da 147 pagina extraido
2024-04-24 17:23:44,711 - INFO - Dados da 148 pagina extraido
2024-04-24 17:23:45,603 - INFO - Dados da 149 pagina extraido
2024-04-24 17:23:46,142 - INFO - Dados da 150 pagina extraido
2024-04-24 17:23:46,564 - INFO - Dados da 151 pagina extraido
2024-04-24 17:23:47,092 - INFO - Dados da 152 pagina extraido
2024-04-24 17:23:47,554 - INFO - Dados da 153 pagina extraido
2024-04-24 17:23:48,268 - INFO - Dados da 154 pagina extraido
2024-04-24 17:23:48,964 - INFO - Dados da 155 pagina extraido
2024-04-24 17:23:49,389 - INFO - Dados da 156 pagina extraido
2024-04-24 17:23:49,848 - INFO - Dados da 157 pagina extraido
2024-04-24 17:23:50,737 - INFO - Dados da 158 pagina extraido
2024-04-24 17:23:51,299 - INFO - Dados da 159 pagina extraido
2024-04-24 17:23:51,803 - INFO - Dados da 160 pagina extraido
2024-04-24 17:23:52,451 - INFO - Dados da 161 pagina extraido
2024-04-24 17:23:52,949 - INFO - Dados da 162 pagina extraido
2024-04-24 17:23:53,427 - INFO - Dados da 163 pagina extraido
2024-04-24 17:23:55,466 - INFO - Dados da 164 pagina extraido
2024-04-24 17:23:56,060 - INFO - Dados da 165 pagina extraido
2024-04-24 17:23:56,534 - INFO - Dados da 166 pagina extraido
2024-04-24 17:23:56,996 - INFO - Dados da 167 pagina extraido
2024-04-24 17:23:57,502 - INFO - Dados da 168 pagina extraido
2024-04-24 17:23:58,048 - INFO - Dados da 169 pagina extraido
2024-04-24 17:23:58,626 - INFO - Dados da 170 pagina extraido
2024-04-24 17:23:59,048 - INFO - Dados da 171 pagina extraido
2024-04-24 17:23:59,610 - INFO - Dados da 172 pagina extraido
2024-04-24 17:24:00,595 - INFO - Dados da 173 pagina extraido
2024-04-24 17:24:01,102 - INFO - Dados da 174 pagina extraido
2024-04-24 17:24:01,507 - INFO - Dados da 175 pagina extraido
2024-04-24 17:24:02,090 - INFO - Dados da 176 pagina extraido
2024-04-24 17:24:02,578 - INFO - Dados da 177 pagina extraido
2024-04-24 17:24:02,959 - INFO - Dados da 178 pagina extraido
2024-04-24 17:24:03,663 - INFO - Dados da 179 pagina extraido
2024-04-24 17:24:04,094 - INFO - Dados da 180 pagina extraido
2024-04-24 17:24:06,167 - INFO - Dados da 181 pagina extraido
2024-04-24 17:24:06,540 - INFO - Dados da 182 pagina extraido
2024-04-24 17:24:06,946 - INFO - Dados da 183 pagina extraido
2024-04-24 17:24:07,900 - INFO - Dados da 184 pagina extraido
2024-04-24 17:24:08,374 - INFO - Dados da 185 pagina extraido
2024-04-24 17:24:08,934 - INFO - Dados da 186 pagina extraido
2024-04-24 17:24:10,102 - INFO - Dados da 187 pagina extraido
2024-04-24 17:24:10,542 - INFO - Dados da 188 pagina extraido
2024-04-24 17:24:11,048 - INFO - Dados da 189 pagina extraido
2024-04-24 17:24:11,567 - INFO - Dados da 190 pagina extraido
2024-04-24 17:24:12,701 - INFO - Dados da 191 pagina extraido
2024-04-24 17:24:13,140 - INFO - Dados da 192 pagina extraido
2024-04-24 17:24:13,598 - INFO - Dados da 193 pagina extraido
2024-04-24 17:24:15,669 - INFO - Dados da 194 pagina extraido
2024-04-24 17:24:16,216 - INFO - Dados da 195 pagina extraido
2024-04-24 17:24:16,822 - INFO - Dados da 196 pagina extraido
2024-04-24 17:24:17,413 - INFO - Dados da 197 pagina extraido
2024-04-24 17:24:17,999 - INFO - Dados da 198 pagina extraido
2024-04-24 17:24:18,465 - INFO - Dados da 199 pagina extraido
2024-04-24 17:24:19,210 - INFO - Dados da 200 pagina extraido
2024-04-24 17:24:19,672 - INFO - Dados da 201 pagina extraido
2024-04-24 17:24:20,200 - INFO - Dados da 202 pagina extraido
2024-04-24 17:24:20,863 - INFO - Dados da 203 pagina extraido
2024-04-24 17:24:21,361 - INFO - Dados da 204 pagina extraido
2024-04-24 17:24:21,845 - INFO - Dados da 205 pagina extraido
2024-04-24 17:24:22,318 - INFO - Dados da 206 pagina extraido
2024-04-24 17:24:22,811 - INFO - Dados da 207 pagina extraido
2024-04-24 17:24:23,276 - INFO - Dados da 208 pagina extraido
2024-04-24 17:24:23,719 - INFO - Dados da 209 pagina extraido
2024-04-24 17:24:24,477 - INFO - Dados da 210 pagina extraido
2024-04-24 17:24:24,908 - INFO - Dados da 211 pagina extraido
2024-04-24 17:24:25,473 - INFO - Dados da 212 pagina extraido
2024-04-24 17:24:26,068 - INFO - Dados da 213 pagina extraido
2024-04-24 17:24:26,464 - INFO - Dados da 214 pagina extraido
2024-04-24 17:24:27,103 - INFO - Dados da 215 pagina extraido
2024-04-24 17:24:27,630 - INFO - Dados da 216 pagina extraido
2024-04-24 17:24:28,480 - INFO - Dados da 217 pagina extraido
2024-04-24 17:24:29,063 - INFO - Dados da 218 pagina extraido
2024-04-24 17:24:29,691 - INFO - Dados da 219 pagina extraido
2024-04-24 17:24:30,545 - INFO - Dados da 220 pagina extraido
2024-04-24 17:24:31,202 - INFO - Dados da 221 pagina extraido
2024-04-24 17:24:31,605 - INFO - Dados da 222 pagina extraido
2024-04-24 17:24:32,045 - INFO - Dados da 223 pagina extraido
2024-04-24 17:24:32,586 - INFO - Dados da 224 pagina extraido
2024-04-24 17:24:33,110 - INFO - Dados da 225 pagina extraido
2024-04-24 17:24:33,679 - INFO - Dados da 226 pagina extraido
2024-04-24 17:24:34,145 - INFO - Dados da 227 pagina extraido
2024-04-24 17:24:34,636 - INFO - Dados da 228 pagina extraido
2024-04-24 17:24:35,185 - INFO - Dados da 229 pagina extraido
2024-04-24 17:24:35,683 - INFO - Dados da 230 pagina extraido
2024-04-24 17:24:36,274 - INFO - Dados da 231 pagina extraido
2024-04-24 17:24:36,887 - INFO - Dados da 232 pagina extraido
2024-04-24 17:24:37,484 - INFO - Dados da 233 pagina extraido
2024-04-24 17:24:37,944 - INFO - Dados da 234 pagina extraido
2024-04-24 17:24:38,367 - INFO - Dados da 235 pagina extraido
2024-04-24 17:24:38,822 - INFO - Dados da 236 pagina extraido
2024-04-24 17:24:39,352 - INFO - Dados da 237 pagina extraido
2024-04-24 17:24:40,218 - INFO - Dados da 238 pagina extraido
2024-04-24 17:24:40,699 - INFO - Dados da 239 pagina extraido
2024-04-24 17:24:41,147 - INFO - Dados da 240 pagina extraido
2024-04-24 17:24:41,711 - INFO - Dados da 241 pagina extraido
2024-04-24 17:24:42,154 - INFO - Dados da 242 pagina extraido
2024-04-24 17:24:42,747 - INFO - Dados da 243 pagina extraido
2024-04-24 17:24:43,180 - INFO - Dados da 244 pagina extraido
2024-04-24 17:24:43,889 - INFO - Dados da 245 pagina extraido
2024-04-24 17:24:44,306 - INFO - Dados da 246 pagina extraido
2024-04-24 17:24:45,338 - INFO - Dados da 247 pagina extraido
2024-04-24 17:24:45,764 - INFO - Dados da 248 pagina extraido
2024-04-24 17:24:46,469 - INFO - Dados da 249 pagina extraido
2024-04-24 17:24:47,000 - INFO - Dados da 250 pagina extraido
2024-04-24 17:24:47,489 - INFO - Dados da 251 pagina extraido
2024-04-24 17:24:48,287 - INFO - Dados da 252 pagina extraido
2024-04-24 17:24:48,741 - INFO - Dados da 253 pagina extraido
2024-04-24 17:24:49,190 - INFO - Dados da 254 pagina extraido
2024-04-24 17:24:49,721 - INFO - Dados da 255 pagina extraido
2024-04-24 17:24:50,415 - INFO - Dados da 256 pagina extraido
2024-04-24 17:24:50,855 - INFO - Dados da 257 pagina extraido
2024-04-24 17:24:51,512 - INFO - Dados da 258 pagina extraido
2024-04-24 17:24:52,119 - INFO - Dados da 259 pagina extraido
2024-04-24 17:24:52,593 - INFO - Dados da 260 pagina extraido
2024-04-24 17:24:53,067 - INFO - Dados da 261 pagina extraido
2024-04-24 17:24:53,484 - INFO - Dados da 262 pagina extraido
2024-04-24 17:24:53,913 - INFO - Dados da 263 pagina extraido
2024-04-24 17:24:54,434 - INFO - Dados da 264 pagina extraido
2024-04-24 17:24:54,965 - INFO - Dados da 265 pagina extraido
2024-04-24 17:24:55,446 - INFO - Dados da 266 pagina extraido
2024-04-24 17:24:56,183 - INFO - Dados da 267 pagina extraido
2024-04-24 17:24:56,731 - INFO - Dados da 268 pagina extraido
2024-04-24 17:24:57,477 - INFO - Dados da 269 pagina extraido
2024-04-24 17:24:58,140 - INFO - Dados da 270 pagina extraido
2024-04-24 17:24:58,732 - INFO - Dados da 271 pagina extraido
2024-04-24 17:24:59,270 - INFO - Dados da 272 pagina extraido
2024-04-24 17:24:59,848 - INFO - Dados da 273 pagina extraido
2024-04-24 17:25:00,686 - INFO - Dados da 274 pagina extraido
2024-04-24 17:25:01,232 - INFO - Dados da 275 pagina extraido
2024-04-24 17:25:01,711 - INFO - Dados da 276 pagina extraido
2024-04-24 17:25:02,162 - INFO - Dados da 277 pagina extraido
2024-04-24 17:25:02,583 - INFO - Dados da 278 pagina extraido
2024-04-24 17:25:03,601 - INFO - Dados da 279 pagina extraido
2024-04-24 17:25:04,137 - INFO - Dados da 280 pagina extraido
2024-04-24 17:25:04,611 - INFO - Dados da 281 pagina extraido
2024-04-24 17:25:05,072 - INFO - Dados da 282 pagina extraido
2024-04-24 17:25:06,422 - INFO - Dados da 283 pagina extraido
2024-04-24 17:25:07,029 - INFO - Dados da 284 pagina extraido
2024-04-24 17:25:07,665 - INFO - Dados da 285 pagina extraido
2024-04-24 17:25:08,836 - INFO - Dados da 286 pagina extraido
2024-04-24 17:25:09,342 - INFO - Dados da 287 pagina extraido
2024-04-24 17:25:10,009 - INFO - Dados da 288 pagina extraido
2024-04-24 17:25:10,820 - INFO - Dados da 289 pagina extraido
2024-04-24 17:25:11,411 - INFO - Dados da 290 pagina extraido
2024-04-24 17:25:12,310 - INFO - Dados da 291 pagina extraido
2024-04-24 17:25:12,702 - INFO - Dados da 292 pagina extraido
2024-04-24 17:25:13,143 - INFO - Dados da 293 pagina extraido
2024-04-24 17:25:13,597 - INFO - Dados da 294 pagina extraido
2024-04-24 17:25:14,802 - INFO - Dados da 295 pagina extraido
2024-04-24 17:25:15,384 - INFO - Dados da 296 pagina extraido
2024-04-24 17:25:15,801 - INFO - Dados da 297 pagina extraido
2024-04-24 17:25:16,325 - INFO - Dados da 298 pagina extraido
2024-04-24 17:25:16,827 - INFO - Dados da 299 pagina extraido
2024-04-24 17:25:17,308 - INFO - Dados da 300 pagina extraido
2024-04-24 17:25:18,034 - INFO - Dados da 301 pagina extraido
2024-04-24 17:25:18,936 - INFO - Dados da 302 pagina extraido
2024-04-24 17:25:20,039 - INFO - Dados da 303 pagina extraido
2024-04-24 17:25:20,727 - INFO - Dados da 304 pagina extraido
2024-04-24 17:25:21,264 - INFO - Dados da 305 pagina extraido
2024-04-24 17:25:21,749 - INFO - Dados da 306 pagina extraido
2024-04-24 17:25:22,140 - INFO - Dados da 307 pagina extraido
2024-04-24 17:25:22,700 - INFO - Dados da 308 pagina extraido
2024-04-24 17:25:23,166 - INFO - Dados da 309 pagina extraido
2024-04-24 17:25:24,105 - INFO - Dados da 310 pagina extraido
2024-04-24 17:25:24,709 - INFO - Dados da 311 pagina extraido
2024-04-24 17:25:25,322 - INFO - Dados da 312 pagina extraido
2024-04-24 17:25:25,919 - INFO - Dados da 313 pagina extraido
2024-04-24 17:25:26,438 - INFO - Dados da 314 pagina extraido
2024-04-24 17:25:27,146 - INFO - Dados da 315 pagina extraido
2024-04-24 17:25:27,693 - INFO - Dados da 316 pagina extraido
2024-04-24 17:25:28,250 - INFO - Dados da 317 pagina extraido
2024-04-24 17:25:29,034 - INFO - Dados da 318 pagina extraido
2024-04-24 17:25:29,797 - INFO - Dados da 319 pagina extraido
2024-04-24 17:25:30,346 - INFO - Dados da 320 pagina extraido
2024-04-24 17:25:30,794 - INFO - Dados da 321 pagina extraido
2024-04-24 17:25:31,619 - INFO - Dados da 322 pagina extraido
2024-04-24 17:25:32,289 - INFO - Dados da 323 pagina extraido
2024-04-24 17:25:33,323 - INFO - Dados da 324 pagina extraido
2024-04-24 17:25:33,739 - INFO - Dados da 325 pagina extraido
2024-04-24 17:25:35,179 - INFO - Dados da 326 pagina extraido
2024-04-24 17:25:35,505 - INFO - Dados da 327 pagina extraido
2024-04-24 17:25:35,880 - INFO - Dados da 328 pagina extraido
2024-04-24 17:25:36,443 - INFO - Dados da 329 pagina extraido
2024-04-24 17:25:36,955 - INFO - Dados da 330 pagina extraido
2024-04-24 17:25:37,349 - INFO - Dados da 331 pagina extraido
2024-04-24 17:25:37,896 - INFO - Dados da 332 pagina extraido
2024-04-24 17:25:38,349 - INFO - Dados da 333 pagina extraido
2024-04-24 17:25:39,309 - INFO - Dados da 334 pagina extraido
2024-04-24 17:25:39,876 - INFO - Dados da 335 pagina extraido
2024-04-24 17:25:40,468 - INFO - Dados da 336 pagina extraido
2024-04-24 17:25:41,044 - INFO - Dados da 337 pagina extraido
2024-04-24 17:25:41,493 - INFO - Dados da 338 pagina extraido
2024-04-24 17:25:42,039 - INFO - Dados da 339 pagina extraido
2024-04-24 17:25:43,427 - INFO - Dados da 340 pagina extraido
2024-04-24 17:25:44,337 - INFO - Dados da 341 pagina extraido
2024-04-24 17:25:44,967 - INFO - Dados da 342 pagina extraido
2024-04-24 17:25:45,887 - INFO - Dados da 343 pagina extraido
2024-04-24 17:25:46,468 - INFO - Dados da 344 pagina extraido
2024-04-24 17:25:47,092 - INFO - Dados da 345 pagina extraido
2024-04-24 17:25:47,630 - INFO - Dados da 346 pagina extraido
2024-04-24 17:25:48,077 - INFO - Dados da 347 pagina extraido
2024-04-24 17:25:48,549 - INFO - Dados da 348 pagina extraido
2024-04-24 17:25:49,378 - INFO - Dados da 349 pagina extraido
2024-04-24 17:25:50,477 - INFO - Dados da 350 pagina extraido
2024-04-24 17:25:50,968 - INFO - Dados da 351 pagina extraido
2024-04-24 17:25:51,552 - INFO - Dados da 352 pagina extraido
2024-04-24 17:25:52,079 - INFO - Dados da 353 pagina extraido
2024-04-24 17:25:52,666 - INFO - Dados da 354 pagina extraido
2024-04-24 17:25:53,190 - INFO - Dados da 355 pagina extraido
2024-04-24 17:25:53,672 - INFO - Dados da 356 pagina extraido
2024-04-24 17:25:54,994 - INFO - Dados da 357 pagina extraido
2024-04-24 17:25:56,568 - INFO - Dados da 358 pagina extraido
2024-04-24 17:25:56,990 - INFO - Dados da 359 pagina extraido
2024-04-24 17:25:57,566 - INFO - Dados da 360 pagina extraido
2024-04-24 17:25:58,080 - INFO - Dados da 361 pagina extraido
2024-04-24 17:25:58,524 - INFO - Dados da 362 pagina extraido
2024-04-24 17:25:58,952 - INFO - Dados da 363 pagina extraido
2024-04-24 17:25:59,551 - INFO - Dados da 364 pagina extraido
2024-04-24 17:26:00,008 - INFO - Dados da 365 pagina extraido
2024-04-24 17:26:00,443 - INFO - Dados da 366 pagina extraido
2024-04-24 17:26:01,583 - INFO - Dados da 367 pagina extraido
2024-04-24 17:26:02,220 - INFO - Dados da 368 pagina extraido
2024-04-24 17:26:02,648 - INFO - Dados da 369 pagina extraido
2024-04-24 17:26:03,150 - INFO - Dados da 370 pagina extraido
2024-04-24 17:26:03,666 - INFO - Dados da 371 pagina extraido
2024-04-24 17:26:04,115 - INFO - Dados da 372 pagina extraido
2024-04-24 17:26:04,670 - INFO - Dados da 373 pagina extraido
2024-04-24 17:26:05,202 - INFO - Dados da 374 pagina extraido
2024-04-24 17:26:05,877 - INFO - Dados da 375 pagina extraido
2024-04-24 17:26:06,255 - INFO - Dados da 376 pagina extraido
2024-04-24 17:26:06,652 - INFO - Dados da 377 pagina extraido
2024-04-24 17:26:07,099 - INFO - Dados da 378 pagina extraido
2024-04-24 17:26:07,568 - INFO - Dados da 379 pagina extraido
2024-04-24 17:26:07,953 - INFO - Dados da 380 pagina extraido
2024-04-24 17:26:08,326 - INFO - Dados da 381 pagina extraido
2024-04-24 17:26:08,731 - INFO - Dados da 382 pagina extraido
2024-04-24 17:26:09,357 - INFO - Dados da 383 pagina extraido
2024-04-24 17:26:10,014 - INFO - Dados da 384 pagina extraido
2024-04-24 17:26:10,480 - INFO - Dados da 385 pagina extraido
2024-04-24 17:26:11,064 - INFO - Dados da 386 pagina extraido
2024-04-24 17:26:11,505 - INFO - Dados da 387 pagina extraido
2024-04-24 17:26:11,925 - INFO - Dados da 388 pagina extraido
2024-04-24 17:26:12,319 - INFO - Dados da 389 pagina extraido
2024-04-24 17:26:12,728 - INFO - Dados da 390 pagina extraido
2024-04-24 17:26:13,255 - INFO - Dados da 391 pagina extraido
2024-04-24 17:26:13,653 - INFO - Dados da 392 pagina extraido
2024-04-24 17:26:14,078 - INFO - Dados da 393 pagina extraido
2024-04-24 17:26:14,493 - INFO - Dados da 394 pagina extraido
2024-04-24 17:26:14,877 - INFO - Dados da 395 pagina extraido
2024-04-24 17:26:38,957 - WARNING - Extraido todos os dados do Metodo user.getRecentTracks
2024-04-24 17:26:38,957 - WARNING - Extracao de dados do Metodo user.getTopTracks iniciado
2024-04-24 17:26:39,441 - INFO - Foram encontradas 61 de dados nesse metodo, dados da 1 pagina extraido
2024-04-24 17:26:39,874 - INFO - Dados da 2 pagina extraido
2024-04-24 17:26:40,344 - INFO - Dados da 3 pagina extraido
2024-04-24 17:26:40,978 - INFO - Dados da 4 pagina extraido
2024-04-24 17:26:41,478 - INFO - Dados da 5 pagina extraido
2024-04-24 17:26:42,240 - INFO - Dados da 6 pagina extraido
2024-04-24 17:26:42,739 - INFO - Dados da 7 pagina extraido
2024-04-24 17:26:43,159 - INFO - Dados da 8 pagina extraido
2024-04-24 17:26:43,642 - INFO - Dados da 9 pagina extraido
2024-04-24 17:26:44,064 - INFO - Dados da 10 pagina extraido
2024-04-24 17:26:44,962 - INFO - Dados da 11 pagina extraido
2024-04-24 17:26:45,390 - INFO - Dados da 12 pagina extraido
2024-04-24 17:26:46,579 - INFO - Dados da 13 pagina extraido
2024-04-24 17:26:47,724 - INFO - Dados da 14 pagina extraido
2024-04-24 17:26:48,200 - INFO - Dados da 15 pagina extraido
2024-04-24 17:26:48,866 - INFO - Dados da 16 pagina extraido
2024-04-24 17:26:49,335 - INFO - Dados da 17 pagina extraido
2024-04-24 17:26:49,806 - INFO - Dados da 18 pagina extraido
2024-04-24 17:26:50,558 - INFO - Dados da 19 pagina extraido
2024-04-24 17:26:51,028 - INFO - Dados da 20 pagina extraido
2024-04-24 17:26:51,690 - INFO - Dados da 21 pagina extraido
2024-04-24 17:26:52,637 - INFO - Dados da 22 pagina extraido
2024-04-24 17:26:53,973 - INFO - Dados da 23 pagina extraido
2024-04-24 17:26:54,633 - INFO - Dados da 24 pagina extraido
2024-04-24 17:26:55,045 - INFO - Dados da 25 pagina extraido
2024-04-24 17:26:55,526 - INFO - Dados da 26 pagina extraido
2024-04-24 17:26:56,328 - INFO - Dados da 27 pagina extraido
2024-04-24 17:26:56,769 - INFO - Dados da 28 pagina extraido
2024-04-24 17:26:57,883 - INFO - Dados da 29 pagina extraido
2024-04-24 17:26:58,304 - INFO - Dados da 30 pagina extraido
2024-04-24 17:26:58,810 - INFO - Dados da 31 pagina extraido
2024-04-24 17:26:59,246 - INFO - Dados da 32 pagina extraido
2024-04-24 17:26:59,682 - INFO - Dados da 33 pagina extraido
2024-04-24 17:27:00,069 - INFO - Dados da 34 pagina extraido
2024-04-24 17:27:00,440 - INFO - Dados da 35 pagina extraido
2024-04-24 17:27:01,112 - INFO - Dados da 36 pagina extraido
2024-04-24 17:27:01,503 - INFO - Dados da 37 pagina extraido
2024-04-24 17:27:02,001 - INFO - Dados da 38 pagina extraido
2024-04-24 17:27:02,552 - INFO - Dados da 39 pagina extraido
2024-04-24 17:27:02,985 - INFO - Dados da 40 pagina extraido
2024-04-24 17:27:03,740 - INFO - Dados da 41 pagina extraido
2024-04-24 17:27:04,137 - INFO - Dados da 42 pagina extraido
2024-04-24 17:27:04,692 - INFO - Dados da 43 pagina extraido
2024-04-24 17:27:06,082 - INFO - Dados da 44 pagina extraido
2024-04-24 17:27:06,617 - INFO - Dados da 45 pagina extraido
2024-04-24 17:27:07,064 - INFO - Dados da 46 pagina extraido
2024-04-24 17:27:07,846 - INFO - Dados da 47 pagina extraido
2024-04-24 17:27:08,247 - INFO - Dados da 48 pagina extraido
2024-04-24 17:27:08,909 - INFO - Dados da 49 pagina extraido
2024-04-24 17:27:09,452 - INFO - Dados da 50 pagina extraido
2024-04-24 17:27:10,035 - INFO - Dados da 51 pagina extraido
2024-04-24 17:27:10,880 - INFO - Dados da 52 pagina extraido
2024-04-24 17:27:11,972 - INFO - Dados da 53 pagina extraido
2024-04-24 17:27:13,009 - INFO - Dados da 54 pagina extraido
2024-04-24 17:27:13,480 - INFO - Dados da 55 pagina extraido
2024-04-24 17:27:14,361 - INFO - Dados da 56 pagina extraido
2024-04-24 17:27:14,886 - INFO - Dados da 57 pagina extraido
2024-04-24 17:27:15,785 - INFO - Dados da 58 pagina extraido
2024-04-24 17:27:16,191 - INFO - Dados da 59 pagina extraido
2024-04-24 17:27:16,613 - INFO - Dados da 60 pagina extraido
2024-04-24 17:27:17,168 - INFO - Dados da 61 pagina extraido
2024-04-24 17:27:40,014 - WARNING - Extraido todos os dados do Metodo user.getTopTracks
